TN:
SF:src/app.controller.ts
FN:6,(anonymous_2)
FN:9,(anonymous_3)
FNF:2
FNH:2
FNDA:1,(anonymous_2)
FNDA:1,(anonymous_3)
DA:1,1
DA:2,1
DA:5,1
DA:6,1
DA:9,1
DA:10,1
LF:6
LH:6
BRF:0
BRH:0
end_of_record
TN:
SF:src/app.service.ts
FN:5,(anonymous_1)
FNF:1
FNH:1
FNDA:1,(anonymous_1)
DA:1,1
DA:4,1
DA:6,1
LF:3
LH:3
BRF:0
BRH:0
end_of_record
TN:
SF:src/auth/auth.controller.ts
FN:6,(anonymous_4)
FN:9,(anonymous_5)
FN:16,(anonymous_6)
FNF:3
FNH:3
FNDA:3,(anonymous_4)
FNDA:1,(anonymous_5)
FNDA:1,(anonymous_6)
DA:1,1
DA:2,1
DA:5,1
DA:6,3
DA:9,1
DA:12,1
DA:16,1
DA:17,1
LF:8
LH:8
BRF:0
BRH:0
end_of_record
TN:
SF:src/auth/auth.service.ts
FN:8,(anonymous_2)
FN:13,(anonymous_3)
FN:19,(anonymous_4)
FN:27,(anonymous_5)
FN:38,(anonymous_6)
FNF:5
FNH:5
FNDA:7,(anonymous_2)
FNDA:1,(anonymous_3)
FNDA:3,(anonymous_4)
FNDA:2,(anonymous_5)
FNDA:1,(anonymous_6)
DA:1,2
DA:2,2
DA:3,2
DA:4,2
DA:7,2
DA:9,7
DA:10,7
DA:14,1
DA:15,1
DA:16,1
DA:20,3
DA:21,3
DA:22,1
DA:24,2
DA:28,2
DA:29,2
DA:30,1
DA:32,1
DA:33,1
DA:39,1
LF:20
LH:20
BRDA:21,0,0,1
BRDA:21,1,0,3
BRDA:21,1,1,2
BRDA:29,2,0,1
BRF:4
BRH:4
end_of_record
TN:
SF:src/auth/jwt.strategy.ts
FN:8,(anonymous_2)
FN:16,(anonymous_3)
FNF:2
FNH:0
FNDA:0,(anonymous_2)
FNDA:0,(anonymous_3)
DA:1,0
DA:2,0
DA:3,0
DA:4,0
DA:7,0
DA:8,0
DA:9,0
DA:17,0
DA:18,0
DA:19,0
DA:22,0
LF:11
LH:0
BRDA:18,0,0,0
BRF:1
BRH:0
end_of_record
TN:
SF:src/user/user.controller.ts
FN:8,(anonymous_4)
FN:12,(anonymous_5)
FNF:2
FNH:2
FNDA:2,(anonymous_4)
FNDA:1,(anonymous_5)
DA:1,1
DA:2,1
DA:3,1
DA:7,1
DA:8,2
DA:12,1
DA:13,1
LF:7
LH:7
BRF:0
BRH:0
end_of_record
TN:
SF:src/user/user.service.ts
FN:8,(anonymous_1)
FN:12,(anonymous_2)
FNF:2
FNH:2
FNDA:1,(anonymous_1)
FNDA:1,(anonymous_2)
DA:1,4
DA:2,4
DA:5,4
DA:6,8
DA:9,1
DA:17,1
LF:6
LH:6
BRF:0
BRH:0
end_of_record
